[debug] [2024-06-07T03:58:36.973Z] ----------------------------------------------------------------------
[debug] [2024-06-07T03:58:36.974Z] Command:       C:\Program Files\nodejs\node.exe C:\Users\samt\AppData\Roaming\npm\node_modules\firebase-tools\lib\bin\firebase.js init hosting
[debug] [2024-06-07T03:58:36.975Z] CLI Version:   13.11.1
[debug] [2024-06-07T03:58:36.975Z] Platform:      win32
[debug] [2024-06-07T03:58:36.975Z] Node Version:  v18.16.0
[debug] [2024-06-07T03:58:36.976Z] Time:          Fri Jun 07 2024 10:58:36 GMT+0700 (เวลาอินโดจีน)
[debug] [2024-06-07T03:58:36.976Z] ----------------------------------------------------------------------
[debug] 
[debug] [2024-06-07T03:58:37.036Z] > command requires scopes: ["email","openid","https://www.googleapis.com/auth/cloudplatformprojects.readonly","https://www.googleapis.com/auth/firebase","https://www.googleapis.com/auth/cloud-platform"]
[debug] [2024-06-07T03:58:37.036Z] > authorizing via signed-in user (finnerpy@gmail.com)
[info] 
     ######## #### ########  ######## ########     ###     ######  ########
     ##        ##  ##     ## ##       ##     ##  ##   ##  ##       ##
     ######    ##  ########  ######   ########  #########  ######  ######
     ##        ##  ##    ##  ##       ##     ## ##     ##       ## ##
     ##       #### ##     ## ######## ########  ##     ##  ######  ########

You're about to initialize a Firebase project in this directory:

  C:\xampp\htdocs\eoffice

Before we get started, keep in mind:

  * You are currently outside your home directory
  * You are initializing within an existing Firebase project directory

